<?xml version="1.0" encoding="UTF-8"?>
<!-- Generated by org.testng.reporters.JUnitReportReporter -->
<testsuite hostname="DESKTOP-VLL4BOI" failures="0" tests="2" name="responsiveTest.ResponsiveTest" time="72.537" errors="0" timestamp="2024-06-05T17:28:40 IST" skipped="0">
  <testcase classname="responsiveTest.ResponsiveTest" name="man" time="37.371"/>
  <testcase classname="responsiveTest.ResponsiveTest" name="woman" time="35.166"/>
</testsuite> <!-- responsiveTest.ResponsiveTest -->
