<?xml version="1.0" encoding="UTF-8"?>
<!-- Generated by org.testng.reporters.JUnitReportReporter -->
<testsuite hostname="HISPLs-Mac-mini.local" failures="0" tests="1" name="iOSBlack.BlackTheme" time="121.746" errors="0" timestamp="2024-06-17T17:56:51 IST" skipped="0">
  <testcase classname="iOSBlack.BlackTheme" name="menTest" time="121.746"/>
</testsuite> <!-- iOSBlack.BlackTheme -->
