<?xml version="1.0" encoding="UTF-8"?>
<!-- Generated by org.testng.reporters.JUnitReportReporter -->
<testsuite hostname="HIS" failures="0" tests="1" name="responsiveTest.ResponsiveTest" time="43.470" errors="0" timestamp="2024-05-22T17:49:39 IST" skipped="0">
  <testcase classname="responsiveTest.ResponsiveTest" name="man" time="43.470"/>
</testsuite> <!-- responsiveTest.ResponsiveTest -->
